[debug] [2020-08-06T21:35:46.091Z] ----------------------------------------------------------------------
[debug] [2020-08-06T21:35:46.093Z] Command:       C:\Program Files\nodejs\node.exe C:\Users\Paulo\AppData\Roaming\npm\node_modules\firebase-tools\lib\bin\firebase.js deploy
[debug] [2020-08-06T21:35:46.093Z] CLI Version:   8.6.0
[debug] [2020-08-06T21:35:46.093Z] Platform:      win32
[debug] [2020-08-06T21:35:46.093Z] Node Version:  v12.13.1
[debug] [2020-08-06T21:35:46.103Z] Time:          Thu Aug 06 2020 16:35:46 GMT-0500 (GMT-05:00)
[debug] [2020-08-06T21:35:46.103Z] ----------------------------------------------------------------------
[debug] [2020-08-06T21:35:46.103Z] 
[debug] [2020-08-06T21:35:46.114Z] > command requires scopes: ["email","openid","https://www.googleapis.com/auth/cloudplatformprojects.readonly","https://www.googleapis.com/auth/firebase","https://www.googleapis.com/auth/cloud-platform"]
[debug] [2020-08-06T21:35:46.114Z] > authorizing via signed-in user
[debug] [2020-08-06T21:35:46.114Z] [iam] checking project fir-camweb for permissions ["firebase.projects.get","firebasehosting.sites.update"]
[debug] [2020-08-06T21:35:46.116Z] > refreshing access token with scopes: ["email","https://www.googleapis.com/auth/cloud-platform","https://www.googleapis.com/auth/cloudplatformprojects.readonly","https://www.googleapis.com/auth/firebase","openid"]
[debug] [2020-08-06T21:35:46.116Z] >>> HTTP REQUEST POST https://www.googleapis.com/oauth2/v3/token  
 <request body omitted>
[debug] [2020-08-06T21:35:46.558Z] <<< HTTP RESPONSE 400 {"content-type":"application/json; charset=utf-8","vary":"X-Origin, Referer, Origin,Accept-Encoding","date":"Thu, 06 Aug 2020 21:36:09 GMT","server":"scaffolding on HTTPServer2","cache-control":"private","x-xss-protection":"0","x-frame-options":"SAMEORIGIN","x-content-type-options":"nosniff","alt-svc":"h3-29=\":443\"; ma=2592000,h3-27=\":443\"; ma=2592000,h3-T050=\":443\"; ma=2592000,h3-Q050=\":443\"; ma=2592000,h3-Q046=\":443\"; ma=2592000,h3-Q043=\":443\"; ma=2592000,quic=\":443\"; ma=2592000; v=\"46,43\"","accept-ranges":"none","transfer-encoding":"chunked"}
[debug] [2020-08-06T21:35:46.559Z] >>> HTTP REQUEST POST https://cloudresourcemanager.googleapis.com/v1/projects/fir-camweb:testIamPermissions  
 {"permissions":["firebase.projects.get","firebasehosting.sites.update"]}
[debug] [2020-08-06T21:35:48.262Z] <<< HTTP RESPONSE 401 {"www-authenticate":"Bearer realm=\"https://accounts.google.com/\", error=\"invalid_token\"","vary":"X-Origin, Referer, Origin,Accept-Encoding","content-type":"application/json; charset=UTF-8","date":"Thu, 06 Aug 2020 21:36:10 GMT","server":"ESF","cache-control":"private","x-xss-protection":"0","x-frame-options":"SAMEORIGIN","x-content-type-options":"nosniff","server-timing":"gfet4t7; dur=131","alt-svc":"h3-29=\":443\"; ma=2592000,h3-27=\":443\"; ma=2592000,h3-T050=\":443\"; ma=2592000,h3-Q050=\":443\"; ma=2592000,h3-Q046=\":443\"; ma=2592000,h3-Q043=\":443\"; ma=2592000,quic=\":443\"; ma=2592000; v=\"46,43\"","accept-ranges":"none","transfer-encoding":"chunked"}
[debug] [2020-08-06T21:35:48.263Z] <<< HTTP RESPONSE BODY {"error":{"code":401,"message":"Request had invalid authentication credentials. Expected OAuth 2 access token, login cookie or other valid authentication credential. See https://developers.google.com/identity/sign-in/web/devconsole-project.","status":"UNAUTHENTICATED"}}
[debug] [2020-08-06T21:35:48.265Z] [iam] error while checking permissions, command may fail: FirebaseError: HTTP Error: 401, Request had invalid authentication credentials. Expected OAuth 2 access token, login cookie or other valid authentication credential. See https://developers.google.com/identity/sign-in/web/devconsole-project.
[debug] [2020-08-06T21:35:48.266Z] > refreshing access token with scopes: ["email","https://www.googleapis.com/auth/cloud-platform","https://www.googleapis.com/auth/cloudplatformprojects.readonly","https://www.googleapis.com/auth/firebase","openid"]
[debug] [2020-08-06T21:35:48.266Z] >>> HTTP REQUEST POST https://www.googleapis.com/oauth2/v3/token  
 <request body omitted>
[debug] [2020-08-06T21:35:48.557Z] <<< HTTP RESPONSE 400 {"content-type":"application/json; charset=utf-8","vary":"X-Origin, Referer, Origin,Accept-Encoding","date":"Thu, 06 Aug 2020 21:36:11 GMT","server":"scaffolding on HTTPServer2","cache-control":"private","x-xss-protection":"0","x-frame-options":"SAMEORIGIN","x-content-type-options":"nosniff","alt-svc":"h3-29=\":443\"; ma=2592000,h3-27=\":443\"; ma=2592000,h3-T050=\":443\"; ma=2592000,h3-Q050=\":443\"; ma=2592000,h3-Q046=\":443\"; ma=2592000,h3-Q043=\":443\"; ma=2592000,quic=\":443\"; ma=2592000; v=\"46,43\"","accept-ranges":"none","transfer-encoding":"chunked"}
[debug] [2020-08-06T21:35:48.558Z] >>> HTTP REQUEST GET https://firebase.googleapis.com/v1beta1/projects/fir-camweb  
 
[debug] [2020-08-06T21:35:49.047Z] <<< HTTP RESPONSE 401 {"www-authenticate":"Bearer realm=\"https://accounts.google.com/\", error=\"invalid_token\"","vary":"X-Origin, Referer, Origin,Accept-Encoding","content-type":"application/json; charset=UTF-8","date":"Thu, 06 Aug 2020 21:36:11 GMT","server":"ESF","cache-control":"private","x-xss-protection":"0","x-frame-options":"SAMEORIGIN","x-content-type-options":"nosniff","alt-svc":"h3-29=\":443\"; ma=2592000,h3-27=\":443\"; ma=2592000,h3-T050=\":443\"; ma=2592000,h3-Q050=\":443\"; ma=2592000,h3-Q046=\":443\"; ma=2592000,h3-Q043=\":443\"; ma=2592000,quic=\":443\"; ma=2592000; v=\"46,43\"","accept-ranges":"none","transfer-encoding":"chunked"}
[debug] [2020-08-06T21:35:49.047Z] <<< HTTP RESPONSE BODY {"error":{"code":401,"message":"Request had invalid authentication credentials. Expected OAuth 2 access token, login cookie or other valid authentication credential. See https://developers.google.com/identity/sign-in/web/devconsole-project.","status":"UNAUTHENTICATED"}}
[debug] [2020-08-06T21:35:49.048Z] HTTP Error: 401, Request had invalid authentication credentials. Expected OAuth 2 access token, login cookie or other valid authentication credential. See https://developers.google.com/identity/sign-in/web/devconsole-project.
[debug] [2020-08-06T21:35:50.536Z] FirebaseError: HTTP Error: 401, Request had invalid authentication credentials. Expected OAuth 2 access token, login cookie or other valid authentication credential. See https://developers.google.com/identity/sign-in/web/devconsole-project.
    at module.exports (C:\Users\Paulo\AppData\Roaming\npm\node_modules\firebase-tools\lib\responseToError.js:38:12)
    at Request._callback (C:\Users\Paulo\AppData\Roaming\npm\node_modules\firebase-tools\lib\api.js:41:35)
    at Request.self.callback (C:\Users\Paulo\AppData\Roaming\npm\node_modules\firebase-tools\node_modules\request\request.js:185:22)
    at Request.emit (events.js:210:5)
    at Request.EventEmitter.emit (domain.js:475:20)
    at Request.<anonymous> (C:\Users\Paulo\AppData\Roaming\npm\node_modules\firebase-tools\node_modules\request\request.js:1154:10)
    at Request.emit (events.js:210:5)
    at Request.EventEmitter.emit (domain.js:475:20)
    at IncomingMessage.<anonymous> (C:\Users\Paulo\AppData\Roaming\npm\node_modules\firebase-tools\node_modules\request\request.js:1076:12)
    at Object.onceWrapper (events.js:299:28)
    at IncomingMessage.emit (events.js:215:7)
    at IncomingMessage.EventEmitter.emit (domain.js:475:20)
    at endReadableNT (_stream_readable.js:1184:12)
    at processTicksAndRejections (internal/process/task_queues.js:80:21)
[error] 
[error] Error: Failed to get Firebase project fir-camweb. Please make sure the project exists and your account has permission to access it.
