[debug] [2020-07-27T21:05:36.708Z] ----------------------------------------------------------------------
[debug] [2020-07-27T21:05:36.710Z] Command:       C:\Program Files\nodejs\node.exe C:\Users\tct\AppData\Roaming\npm\node_modules\firebase-tools\lib\bin\firebase.js init
[debug] [2020-07-27T21:05:36.710Z] CLI Version:   8.6.0
[debug] [2020-07-27T21:05:36.711Z] Platform:      win32
[debug] [2020-07-27T21:05:36.711Z] Node Version:  v12.14.1
[debug] [2020-07-27T21:05:36.712Z] Time:          Mon Jul 27 2020 16:05:36 GMT-0500 (Ecuador Time)
[debug] [2020-07-27T21:05:36.712Z] ----------------------------------------------------------------------
[debug] [2020-07-27T21:05:36.712Z] 
[debug] [2020-07-27T21:05:36.718Z] > command requires scopes: ["email","openid","https://www.googleapis.com/auth/cloudplatformprojects.readonly","https://www.googleapis.com/auth/firebase","https://www.googleapis.com/auth/cloud-platform"]
[debug] [2020-07-27T21:05:36.719Z] > authorizing via signed-in user
[info] 
     ######## #### ########  ######## ########     ###     ######  ########
     ##        ##  ##     ## ##       ##     ##  ##   ##  ##       ##
     ######    ##  ########  ######   ########  #########  ######  ######
     ##        ##  ##    ##  ##       ##     ## ##     ##       ## ##
     ##       #### ##     ## ######## ########  ##     ##  ######  ########

You're about to initialize a Firebase project in this directory:

  C:\Users\tct\Desktop\CamApp-Gest\cam-Graph\src

[info] 
=== Project Setup
[info] 
[info] First, let's associate this project directory with a Firebase project.
[info] You can create multiple project aliases by running firebase use --add, 
[info] but for now we'll just set up a default project.
[info] 
[debug] [2020-07-27T21:06:04.480Z] > refreshing access token with scopes: ["email","https://www.googleapis.com/auth/cloud-platform","https://www.googleapis.com/auth/cloudplatformprojects.readonly","https://www.googleapis.com/auth/firebase","openid"]
[debug] [2020-07-27T21:06:04.480Z] >>> HTTP REQUEST POST https://www.googleapis.com/oauth2/v3/token  
 <request body omitted>
[debug] [2020-07-27T21:06:12.028Z] <<< HTTP RESPONSE 200 {"content-type":"application/json; charset=utf-8","vary":"X-Origin, Referer, Origin,Accept-Encoding","date":"Mon, 27 Jul 2020 21:06:11 GMT","server":"scaffolding on HTTPServer2","cache-control":"private","x-xss-protection":"0","x-frame-options":"SAMEORIGIN","x-content-type-options":"nosniff","alt-svc":"h3-29=\":443\"; ma=2592000,h3-27=\":443\"; ma=2592000,h3-T050=\":443\"; ma=2592000,h3-Q050=\":443\"; ma=2592000,h3-Q046=\":443\"; ma=2592000,h3-Q043=\":443\"; ma=2592000,quic=\":443\"; ma=2592000; v=\"46,43\"","accept-ranges":"none","transfer-encoding":"chunked"}
[debug] [2020-07-27T21:06:12.043Z] >>> HTTP REQUEST GET https://firebase.googleapis.com/v1beta1/projects?pageSize=100  
 
[debug] [2020-07-27T21:06:13.720Z] <<< HTTP RESPONSE 200 {"content-type":"application/json; charset=UTF-8","vary":"X-Origin, Referer, Origin,Accept-Encoding","date":"Mon, 27 Jul 2020 21:06:13 GMT","server":"ESF","cache-control":"private","x-xss-protection":"0","x-frame-options":"SAMEORIGIN","x-content-type-options":"nosniff","alt-svc":"h3-29=\":443\"; ma=2592000,h3-27=\":443\"; ma=2592000,h3-T050=\":443\"; ma=2592000,h3-Q050=\":443\"; ma=2592000,h3-Q046=\":443\"; ma=2592000,h3-Q043=\":443\"; ma=2592000,quic=\":443\"; ma=2592000; v=\"46,43\"","accept-ranges":"none","transfer-encoding":"chunked"}
[debug] [2020-07-27T21:07:19.748Z] ----------------------------------------------------------------------
[debug] [2020-07-27T21:07:19.750Z] Command:       C:\Program Files\nodejs\node.exe C:\Users\tct\AppData\Roaming\npm\node_modules\firebase-tools\lib\bin\firebase.js init
[debug] [2020-07-27T21:07:19.751Z] CLI Version:   8.6.0
[debug] [2020-07-27T21:07:19.751Z] Platform:      win32
[debug] [2020-07-27T21:07:19.751Z] Node Version:  v12.14.1
[debug] [2020-07-27T21:07:19.752Z] Time:          Mon Jul 27 2020 16:07:19 GMT-0500 (Ecuador Time)
[debug] [2020-07-27T21:07:19.752Z] ----------------------------------------------------------------------
[debug] [2020-07-27T21:07:19.752Z] 
[debug] [2020-07-27T21:07:19.758Z] > command requires scopes: ["email","openid","https://www.googleapis.com/auth/cloudplatformprojects.readonly","https://www.googleapis.com/auth/firebase","https://www.googleapis.com/auth/cloud-platform"]
[debug] [2020-07-27T21:07:19.759Z] > authorizing via signed-in user
[info] 
     ######## #### ########  ######## ########     ###     ######  ########
     ##        ##  ##     ## ##       ##     ##  ##   ##  ##       ##
     ######    ##  ########  ######   ########  #########  ######  ######
     ##        ##  ##    ##  ##       ##     ## ##     ##       ## ##
     ##       #### ##     ## ######## ########  ##     ##  ######  ########

You're about to initialize a Firebase project in this directory:

  C:\Users\tct\Desktop\CamApp-Gest\cam-Graph\src

[debug] [2020-07-27T21:22:48.069Z] ----------------------------------------------------------------------
[debug] [2020-07-27T21:22:48.071Z] Command:       C:\Program Files\nodejs\node.exe C:\Users\tct\AppData\Roaming\npm\node_modules\firebase-tools\lib\bin\firebase.js deploy
[debug] [2020-07-27T21:22:48.071Z] CLI Version:   8.6.0
[debug] [2020-07-27T21:22:48.071Z] Platform:      win32
[debug] [2020-07-27T21:22:48.071Z] Node Version:  v12.14.1
[debug] [2020-07-27T21:22:48.072Z] Time:          Mon Jul 27 2020 16:22:48 GMT-0500 (Ecuador Time)
[debug] [2020-07-27T21:22:48.072Z] ----------------------------------------------------------------------
[debug] [2020-07-27T21:22:48.072Z] 
[debug] [2020-07-27T21:22:48.080Z] > command requires scopes: ["email","openid","https://www.googleapis.com/auth/cloudplatformprojects.readonly","https://www.googleapis.com/auth/firebase","https://www.googleapis.com/auth/cloud-platform"]
[debug] [2020-07-27T21:22:48.081Z] > authorizing via signed-in user
[debug] [2020-07-27T21:22:48.081Z] [iam] checking project fir-camweb for permissions ["firebase.projects.get","firebasehosting.sites.update"]
[debug] [2020-07-27T21:22:48.084Z] >>> HTTP REQUEST POST https://cloudresourcemanager.googleapis.com/v1/projects/fir-camweb:testIamPermissions  
 {"permissions":["firebase.projects.get","firebasehosting.sites.update"]}
[debug] [2020-07-27T21:22:55.793Z] <<< HTTP RESPONSE 200 {"content-type":"application/json; charset=UTF-8","vary":"X-Origin, Referer, Origin,Accept-Encoding","date":"Mon, 27 Jul 2020 21:22:55 GMT","server":"ESF","cache-control":"private","x-xss-protection":"0","x-frame-options":"SAMEORIGIN","x-content-type-options":"nosniff","server-timing":"gfet4t7; dur=106","alt-svc":"h3-29=\":443\"; ma=2592000,h3-27=\":443\"; ma=2592000,h3-T050=\":443\"; ma=2592000,h3-Q050=\":443\"; ma=2592000,h3-Q046=\":443\"; ma=2592000,h3-Q043=\":443\"; ma=2592000,quic=\":443\"; ma=2592000; v=\"46,43\"","accept-ranges":"none","transfer-encoding":"chunked"}
[debug] [2020-07-27T21:22:55.795Z] >>> HTTP REQUEST GET https://firebase.googleapis.com/v1beta1/projects/fir-camweb  
 
[debug] [2020-07-27T21:23:06.904Z] Server Error. getaddrinfo ENOTFOUND firebase.googleapis.com
[debug] [2020-07-27T21:23:07.276Z] FirebaseError: Server Error. getaddrinfo ENOTFOUND firebase.googleapis.com
    at Request._callback (C:\Users\tct\AppData\Roaming\npm\node_modules\firebase-tools\lib\api.js:32:31)
    at self.callback (C:\Users\tct\AppData\Roaming\npm\node_modules\firebase-tools\node_modules\request\request.js:185:22)
    at Request.emit (events.js:223:5)
    at Request.EventEmitter.emit (domain.js:475:20)
    at Request.onRequestError (C:\Users\tct\AppData\Roaming\npm\node_modules\firebase-tools\node_modules\request\request.js:877:8)
    at ClientRequest.emit (events.js:228:7)
    at ClientRequest.EventEmitter.emit (domain.js:475:20)
    at TLSSocket.socketErrorListener (_http_client.js:406:9)
    at TLSSocket.emit (events.js:223:5)
    at TLSSocket.EventEmitter.emit (domain.js:475:20)
    at emitErrorNT (internal/streams/destroy.js:92:8)
    at emitErrorAndCloseNT (internal/streams/destroy.js:60:3)
    at processTicksAndRejections (internal/process/task_queues.js:81:21)
[error] 
[error] Error: Failed to get Firebase project fir-camweb. Please make sure the project exists and your account has permission to access it.
